<?xml version="1.0" encoding="UTF-8"?>
<testsuites name="jiratest" time="19.609" tests="1" failures="0" errors="0">
   <testsuite name="jiratest" tests="1" failures="0" errors="0" time="19.609" skipped="0" timestamp="2022-02-15 11:51:09" hostname="klt - kltdeair" id="Test Suites/jiratest">
      <properties>
         <property name="deviceName" value=""/>
         <property name="devicePlatform" value=""/>
         <property name="logFolder" value="/Users/klt/git/katalon/Reports/20220215_115106/jiratest/20220215_115106"/>
         <property name="logFiles" value="/Users/klt/git/katalon/Reports/20220215_115106/jiratest/20220215_115106/execution0.log"/>
         <property name="attachments" value=""/>
         <property name="hostName" value="klt - kltdeair"/>
         <property name="os" value="Mac OS X 64bit"/>
         <property name="katalonVersion" value="8.2.5.208"/>
         <property name="browser" value="Chrome 98.0.4758.80"/>
         <property name="hostAddress" value="192.168.31.166"/>
         <property name="sessionId" value="ef1850003c5963acfb0e4b8c7f86aa9d"/>
         <property name="seleniumVersion" value="3.141.59"/>
         <property name="proxyInformation" value="ProxyInformation { proxyOption=NO_PROXY, proxyServerType=HTTP, username=, password=********, proxyServerAddress=, proxyServerPort=0, executionList=&quot;&quot;, isApplyToDesiredCapabilities=true }"/>
         <property name="platform" value="Mac OS X"/>
      </properties>
      <testcase name="Test Cases/KAT-1 katalon test" time="19.187" classname="Test Cases/KAT-1 katalon test" status="PASSED">
         <system-out><![CDATA[2022-02-15 11:51:09 - [TEST_CASE][PASSED] - Test Cases/KAT-1 katalon test: Test Cases/KAT-1 katalon test

2022-02-15 11:51:10 - [TEST_STEP][PASSED] - runFeatureFile("Include/features/KAT-1 katalon test.feature"): Feature file: 'Include/features/KAT-1 katalon test.feature' was passed

2022-02-15 11:51:10 - [MESSAGE][INFO] - Starting run keyword runFeatureFile: 'Include/features/KAT-1 katalon test.feature' and extract report to folder: '/Users/klt/git/katalon/Reports/20220215_115106/jiratest/20220215_115106/cucumber_report/1644897070364'...

2022-02-15 11:51:10 - [MESSAGE][PASSED] - Feature file: 'Include/features/KAT-1 katalon test.feature' was passed

2022-02-15 11:51:10 - [TEST_STEP][PASSED] - openBrowser(""): Browser is opened with url: ''

2022-02-15 11:51:11 - [MESSAGE][INFO] - Starting 'Chrome' driver

2022-02-15 11:51:11 - [MESSAGE][INFO] - Action delay is set to 0 milliseconds

2022-02-15 11:51:16 - [MESSAGE][PASSED] - Browser is opened with url: ''

2022-02-15 11:51:16 - [TEST_STEP][PASSED] - navigateToUrl("http://121.40.154.50:8049/login"): Navigate to 'http://121.40.154.50:8049/login' successfully

2022-02-15 11:51:19 - [MESSAGE][PASSED] - Navigate to 'http://121.40.154.50:8049/login' successfully

2022-02-15 11:51:19 - [TEST_STEP][PASSED] - setText(findTestObject("Object Repository/Page_Zetta Decision/input_Name_loginName"), "13666666666"): Text '13666666666' is set on object 'Object Repository/Page_Zetta Decision/input_Name_loginName'

2022-02-15 11:51:22 - [MESSAGE][PASSED] - Text '13666666666' is set on object 'Object Repository/Page_Zetta Decision/input_Name_loginName'

2022-02-15 11:51:22 - [TEST_STEP][PASSED] - setEncryptedText(findTestObject("Object Repository/Page_Zetta Decision/input_Password_loginPwd"), "aeHFOx8jV/A="): Text ****** has been set on object 'Object Repository/Page_Zetta Decision/input_Password_loginPwd'

2022-02-15 11:51:23 - [MESSAGE][PASSED] - Text ****** has been set on object 'Object Repository/Page_Zetta Decision/input_Password_loginPwd'

2022-02-15 11:51:23 - [TEST_STEP][PASSED] - click(findTestObject("Object Repository/Page_Zetta Decision/button_")): Object: 'Object Repository/Page_Zetta Decision/button_' is clicked on

2022-02-15 11:51:24 - [MESSAGE][PASSED] - Object: 'Object Repository/Page_Zetta Decision/button_' is clicked on

2022-02-15 11:51:24 - [TEST_STEP][PASSED] - click(findTestObject("Object Repository/删除业务模型/Page_Zetta Decision/a_")): Object: 'Object Repository/删除业务模型/Page_Zetta Decision/a_' is clicked on

2022-02-15 11:51:26 - [MESSAGE][PASSED] - Object: 'Object Repository/删除业务模型/Page_Zetta Decision/a_' is clicked on

2022-02-15 11:51:26 - [TEST_STEP][PASSED] - mouseOver(findTestObject("删除业务模型/Page_Zetta Decision/svg - Copy")): Object: 'Object Repository/删除业务模型/Page_Zetta Decision/svg - Copy' is hovered

2022-02-15 11:51:29 - [MESSAGE][PASSED] - Object: 'Object Repository/删除业务模型/Page_Zetta Decision/svg - Copy' is hovered]]></system-out>
         <system-err><![CDATA[]]></system-err>
      </testcase>
      <system-out><![CDATA[2022-02-15 11:51:09 - [TEST_SUITE][PASSED] - jiratest: Test Cases/KAT-1 katalon test]]></system-out>
      <system-err><![CDATA[]]></system-err>
   </testsuite>
</testsuites>
